Determining if the pthread_create exist failed with the following output:
Change Dir: /home/skpro19/catkin_ws/src/my_local_planner/build/CMakeFiles/CMakeTmp

Run Build Command:"/usr/bin/make" "cmTC_72eba/fast"
/usr/bin/make -f CMakeFiles/cmTC_72eba.dir/build.make CMakeFiles/cmTC_72eba.dir/build
make[1]: Entering directory '/home/skpro19/catkin_ws/src/my_local_planner/build/CMakeFiles/CMakeTmp'
Building C object CMakeFiles/cmTC_72eba.dir/CheckSymbolExists.c.o
/usr/bin/gcc-7    -o CMakeFiles/cmTC_72eba.dir/CheckSymbolExists.c.o   -c /home/skpro19/catkin_ws/src/my_local_planner/build/CMakeFiles/CMakeTmp/CheckSymbolExists.c
Linking C executable cmTC_72eba
/usr/bin/cmake -E cmake_link_script CMakeFiles/cmTC_72eba.dir/link.txt --verbose=1
/usr/bin/gcc-7      -rdynamic CMakeFiles/cmTC_72eba.dir/CheckSymbolExists.c.o  -o cmTC_72eba 
CMakeFiles/cmTC_72eba.dir/CheckSymbolExists.c.o: In function `main':
CheckSymbolExists.c:(.text+0x1b): undefined reference to `pthread_create'
collect2: error: ld returned 1 exit status
CMakeFiles/cmTC_72eba.dir/build.make:97: recipe for target 'cmTC_72eba' failed
make[1]: *** [cmTC_72eba] Error 1
make[1]: Leaving directory '/home/skpro19/catkin_ws/src/my_local_planner/build/CMakeFiles/CMakeTmp'
Makefile:126: recipe for target 'cmTC_72eba/fast' failed
make: *** [cmTC_72eba/fast] Error 2

File /home/skpro19/catkin_ws/src/my_local_planner/build/CMakeFiles/CMakeTmp/CheckSymbolExists.c:
/* */
#include <pthread.h>

int main(int argc, char** argv)
{
  (void)argv;
#ifndef pthread_create
  return ((int*)(&pthread_create))[argc];
#else
  (void)argc;
  return 0;
#endif
}

Determining if the function pthread_create exists in the pthreads failed with the following output:
Change Dir: /home/skpro19/catkin_ws/src/my_local_planner/build/CMakeFiles/CMakeTmp

Run Build Command:"/usr/bin/make" "cmTC_09968/fast"
/usr/bin/make -f CMakeFiles/cmTC_09968.dir/build.make CMakeFiles/cmTC_09968.dir/build
make[1]: Entering directory '/home/skpro19/catkin_ws/src/my_local_planner/build/CMakeFiles/CMakeTmp'
Building C object CMakeFiles/cmTC_09968.dir/CheckFunctionExists.c.o
/usr/bin/gcc-7   -DCHECK_FUNCTION_EXISTS=pthread_create   -o CMakeFiles/cmTC_09968.dir/CheckFunctionExists.c.o   -c /usr/share/cmake-3.10/Modules/CheckFunctionExists.c
Linking C executable cmTC_09968
/usr/bin/cmake -E cmake_link_script CMakeFiles/cmTC_09968.dir/link.txt --verbose=1
/usr/bin/gcc-7  -DCHECK_FUNCTION_EXISTS=pthread_create    -rdynamic CMakeFiles/cmTC_09968.dir/CheckFunctionExists.c.o  -o cmTC_09968 -lpthreads 
/usr/bin/ld: cannot find -lpthreads
collect2: error: ld returned 1 exit status
CMakeFiles/cmTC_09968.dir/build.make:97: recipe for target 'cmTC_09968' failed
make[1]: *** [cmTC_09968] Error 1
make[1]: Leaving directory '/home/skpro19/catkin_ws/src/my_local_planner/build/CMakeFiles/CMakeTmp'
Makefile:126: recipe for target 'cmTC_09968/fast' failed
make: *** [cmTC_09968/fast] Error 2


